<?xml version="1.0" encoding="UTF-8"?>
<!-- Generated by org.testng.reporters.JUnitXMLReporter -->
<testsuite hostname="DESKTOP-K0CLN9C" ignored="0" name="NIHL Application Tests" tests="2" failures="0" timestamp="27 Sep 2020 20:53:49 GMT" time="58.964" errors="0">
  <testcase name="enterMyInformation" time="0.007" classname="com.nihlQAPOM.auto.testcases.e2eTest"/>
  <testcase name="enterMyInformation" time="57.998" classname="com.nihlQAPOM.auto.testcases.e2eTest"/>
</testsuite> <!-- NIHL Application Tests -->
